#
# A fatal error has been detected by the Java Runtime Environment:
#
#  EXCEPTION_ACCESS_VIOLATION (0xc0000005) at pc=0x77c12332, pid=4980, tid=3204
#
# JRE version: Java(TM) SE Runtime Environment (8.0_45-b14) (build 1.8.0_45-b14)
# Java VM: Java HotSpot(TM) Client VM (25.45-b02 mixed mode windows-x86 )
# Problematic frame:
# C  [msvcrt.dll+0x32332]
#
# Failed to write core dump. Minidumps are not enabled by default on client versions of Windows
#
# If you would like to submit a bug report, please visit:
#   http://bugreport.java.com/bugreport/crash.jsp
# The crash happened outside the Java Virtual Machine in native code.
# See problematic frame for where to report the bug.
#

---------------  T H R E A D  ---------------

Current thread (0x0088ac00):  JavaThread "main" [_thread_in_native, id=3204, stack(0x00970000,0x009c0000)]

siginfo: ExceptionCode=0xc0000005, writing address 0x003f8000

Registers:
EAX=0x00000074, EBX=0x18e09099, ECX=0x009af9e8, EDX=0x003f8000
ESP=0x009af748, EBP=0x009af754, ESI=0x009af7a8, EDI=0x009af9e8
EIP=0x77c12332, EFLAGS=0x00010202

Top of Stack: (sp=0x009af748)
0x009af748:   77c123ac ffffde40 00000000 009af9cc
0x009af758:   77c12d17 0000132e 003f7160 003f7160
0x009af768:   0088ad40 0816fc30 0088ac00 00001fa0
0x009af778:   00000000 00000007 00000000 7c931046
0x009af788:   00000000 00000000 00000000 00000000
0x009af798:   009af9e8 66c518b5 00000000 0088ac00
0x009af7a8:   00000ea0 000021c0 18e08208 ffffffff
0x009af7b8:   009afa84 00000000 00000001 02c19ef8 

Instructions: (pc=0x77c12332)
0x77c12312:   e8 64 96 ff ff 59 59 c3 cc cc cc cc cc f6 41 0c
0x77c12322:   40 74 06 83 79 08 00 74 24 ff 49 04 78 0b 8b 11
0x77c12332:   88 02 ff 01 0f b6 c0 eb 0c 0f be c0 51 50 e8 18
0x77c12342:   c9 ff ff 59 59 83 f8 ff 75 03 09 06 c3 ff 06 c3 


Register to memory mapping:

EAX=0x00000074 is an unknown value
EBX=0x18e09099 is an unknown value
ECX=0x009af9e8 is pointing into the stack for thread: 0x0088ac00
EDX=0x003f8000 is an unknown value
ESP=0x009af748 is pointing into the stack for thread: 0x0088ac00
EBP=0x009af754 is pointing into the stack for thread: 0x0088ac00
ESI=0x009af7a8 is pointing into the stack for thread: 0x0088ac00
EDI=0x009af9e8 is pointing into the stack for thread: 0x0088ac00


Stack: [0x00970000,0x009c0000],  sp=0x009af748,  free space=253k
Native frames: (J=compiled Java code, j=interpreted, Vv=VM code, C=native code)
C  [msvcrt.dll+0x32332]
C  [msvcrt.dll+0x32d17]
C  [msvcrt.dll+0x2fe79]
C  [JNativeCpp.dll+0x1fef]
C  [JNativeCpp.dll+0x22e5]
C  [JNativeCpp.dll+0x6b09]
J 480  org.xvolks.jnative.JNative.nInvoke(I)V (0 bytes) @ 0x00b30e17 [0x00b30d90+0x87]
J 477 C1 org.xvolks.jnative.JNative.invoke()V (71 bytes) @ 0x00b33e5c [0x00b33c20+0x23c]
j  org.xvolks.jnative.util.User32.MessageBox(ILjava/lang/String;Ljava/lang/String;I)I+121
j  org.xvolks.test.callbacks.TestCallback.runIt()V+232
j  com.windows.JNativeTester.main([Ljava/lang/String;)V+753
v  ~StubRoutines::call_stub
V  [jvm.dll+0x155cb5]
V  [jvm.dll+0x21b12e]
V  [jvm.dll+0x155d4e]
V  [jvm.dll+0xdac47]
V  [jvm.dll+0xe31ef]
C  [javaw.exe+0x229a]
C  [javaw.exe+0xadff]
C  [javaw.exe+0xae89]
C  [kernel32.dll+0xb729]
C  0x00000000

Java frames: (J=compiled Java code, j=interpreted, Vv=VM code)
J 480  org.xvolks.jnative.JNative.nInvoke(I)V (0 bytes) @ 0x00b30dd3 [0x00b30d90+0x43]
J 477 C1 org.xvolks.jnative.JNative.invoke()V (71 bytes) @ 0x00b33e5c [0x00b33c20+0x23c]
j  org.xvolks.jnative.util.User32.MessageBox(ILjava/lang/String;Ljava/lang/String;I)I+121
j  org.xvolks.test.callbacks.TestCallback.runIt()V+232
j  com.windows.JNativeTester.main([Ljava/lang/String;)V+753
v  ~StubRoutines::call_stub

---------------  P R O C E S S  ---------------

Java Threads: ( => current thread )
  0x18d66400 JavaThread "AWT-EventQueue-0" [_thread_blocked, id=5684, stack(0x19310000,0x19360000)]
  0x1332d000 JavaThread "AWT-Windows" daemon [_thread_in_native, id=5996, stack(0x191c0000,0x19210000)]
  0x1332b400 JavaThread "AWT-Shutdown" [_thread_blocked, id=2748, stack(0x18c30000,0x18c80000)]
  0x1332a400 JavaThread "Java2D Disposer" daemon [_thread_blocked, id=3892, stack(0x16320000,0x16370000)]
  0x131d6800 JavaThread "Service Thread" daemon [_thread_blocked, id=2664, stack(0x135f0000,0x13640000)]
  0x131aa400 JavaThread "C1 CompilerThread0" daemon [_thread_blocked, id=4836, stack(0x135a0000,0x135f0000)]
  0x131a0c00 JavaThread "JDWP Command Reader" daemon [_thread_in_native, id=4156, stack(0x13550000,0x135a0000)]
  0x1319f800 JavaThread "JDWP Event Helper Thread" daemon [_thread_blocked, id=1648, stack(0x13500000,0x13550000)]
  0x1319d000 JavaThread "JDWP Transport Listener: dt_socket" daemon [_thread_blocked, id=2436, stack(0x134b0000,0x13500000)]
  0x13190800 JavaThread "Attach Listener" daemon [_thread_blocked, id=5680, stack(0x13400000,0x13450000)]
  0x1318d800 JavaThread "Signal Dispatcher" daemon [_thread_blocked, id=5768, stack(0x133b0000,0x13400000)]
  0x13163c00 JavaThread "Finalizer" daemon [_thread_blocked, id=3316, stack(0x13360000,0x133b0000)]
  0x02b6b800 JavaThread "Reference Handler" daemon [_thread_blocked, id=5532, stack(0x13110000,0x13160000)]
=>0x0088ac00 JavaThread "main" [_thread_in_native, id=3204, stack(0x00970000,0x009c0000)]

Other Threads:
  0x02b68400 VMThread [stack: 0x130c0000,0x13110000] [id=2916]
  0x131d8c00 WatcherThread [stack: 0x13640000,0x13690000] [id=2448]

VM state:not at safepoint (normal execution)

VM Mutex/Monitor currently owned by a thread: None

Heap:
 def new generation   total 4928K, used 2578K [0x02c00000, 0x03150000, 0x08150000)
  eden space 4416K,  56% used [0x02c00000, 0x02e6be40, 0x03050000)
  from space 512K,  19% used [0x03050000, 0x03068be8, 0x030d0000)
  to   space 512K,   0% used [0x030d0000, 0x030d0000, 0x03150000)
 tenured generation   total 10944K, used 2084K [0x08150000, 0x08c00000, 0x12c00000)
   the space 10944K,  19% used [0x08150000, 0x08359040, 0x08359200, 0x08c00000)
 Metaspace       used 5882K, capacity 6065K, committed 6144K, reserved 6528K

Card table byte_map: [0x02b70000,0x02c00000] byte_map_base: 0x02b5a000

Polling page: 0x009c0000

CodeCache: size=32768Kb used=1302Kb max_used=1302Kb free=31465Kb
 bounds [0x009f0000, 0x00b38000, 0x029f0000]
 total_blobs=680 nmethods=481 adapters=138
 compilation: enabled

Compilation events (10 events):
Event: 29.892 Thread 0x131aa400  483             org.xvolks.jnative.JNative::<init> (11 bytes)
Event: 29.892 Thread 0x131aa400 nmethod 483 0x00b34e48 code [0x00b34f50, 0x00b3500c]
Event: 29.905 Thread 0x131aa400  485             java.lang.Long::compareTo (9 bytes)
Event: 29.905 Thread 0x131aa400 nmethod 485 0x00b35088 code [0x00b35180, 0x00b352b0]
Event: 29.905 Thread 0x131aa400  486             java.lang.Long::compareTo (12 bytes)
Event: 29.905 Thread 0x131aa400 nmethod 486 0x00b35348 code [0x00b35440, 0x00b35540]
Event: 29.905 Thread 0x131aa400  487             java.lang.Long::compare (22 bytes)
Event: 29.905 Thread 0x131aa400 nmethod 487 0x00b355c8 code [0x00b356c0, 0x00b357b0]
Event: 29.905 Thread 0x131aa400  488             java.util.TreeMap::getEntry (84 bytes)
Event: 29.907 Thread 0x131aa400 nmethod 488 0x00b35808 code [0x00b35940, 0x00b35b34]

GC Heap History (10 events):
Event: 15.331 GC heap before
{Heap before GC invocations=1 (full 0):
 def new generation   total 4928K, used 4928K [0x02c00000, 0x03150000, 0x08150000)
  eden space 4416K, 100% used [0x02c00000, 0x03050000, 0x03050000)
  from space 512K, 100% used [0x030d0000, 0x03150000, 0x03150000)
  to   space 512K,   0% used [0x03050000, 0x03050000, 0x030d0000)
 tenured generation   total 10944K, used 622K [0x08150000, 0x08c00000, 0x12c00000)
   the space 10944K,   5% used [0x08150000, 0x081eba28, 0x081ebc00, 0x08c00000)
 Metaspace       used 2578K, capacity 2616K, committed 2624K, reserved 4480K
Event: 15.333 GC heap after
Heap after GC invocations=2 (full 0):
 def new generation   total 4928K, used 279K [0x02c00000, 0x03150000, 0x08150000)
  eden space 4416K,   0% used [0x02c00000, 0x02c00000, 0x03050000)
  from space 512K,  54% used [0x03050000, 0x03095ca0, 0x030d0000)
  to   space 512K,   0% used [0x030d0000, 0x030d0000, 0x03150000)
 tenured generation   total 10944K, used 1132K [0x08150000, 0x08c00000, 0x12c00000)
   the space 10944K,  10% used [0x08150000, 0x0826b3c8, 0x0826b400, 0x08c00000)
 Metaspace       used 2578K, capacity 2616K, committed 2624K, reserved 4480K
}
Event: 15.434 GC heap before
{Heap before GC invocations=2 (full 0):
 def new generation   total 4928K, used 4695K [0x02c00000, 0x03150000, 0x08150000)
  eden space 4416K, 100% used [0x02c00000, 0x03050000, 0x03050000)
  from space 512K,  54% used [0x03050000, 0x03095ca0, 0x030d0000)
  to   space 512K,   0% used [0x030d0000, 0x030d0000, 0x03150000)
 tenured generation   total 10944K, used 1132K [0x08150000, 0x08c00000, 0x12c00000)
   the space 10944K,  10% used [0x08150000, 0x0826b3c8, 0x0826b400, 0x08c00000)
 Metaspace       used 2578K, capacity 2616K, committed 2624K, reserved 4480K
Event: 15.436 GC heap after
Heap after GC invocations=3 (full 0):
 def new generation   total 4928K, used 250K [0x02c00000, 0x03150000, 0x08150000)
  eden space 4416K,   0% used [0x02c00000, 0x02c00000, 0x03050000)
  from space 512K,  48% used [0x030d0000, 0x0310e8e0, 0x03150000)
  to   space 512K,   0% used [0x03050000, 0x03050000, 0x030d0000)
 tenured generation   total 10944K, used 1185K [0x08150000, 0x08c00000, 0x12c00000)
   the space 10944K,  10% used [0x08150000, 0x08278628, 0x08278800, 0x08c00000)
 Metaspace       used 2578K, capacity 2616K, committed 2624K, reserved 4480K
}
Event: 29.646 GC heap before
{Heap before GC invocations=3 (full 0):
 def new generation   total 4928K, used 4666K [0x02c00000, 0x03150000, 0x08150000)
  eden space 4416K, 100% used [0x02c00000, 0x03050000, 0x03050000)
  from space 512K,  48% used [0x030d0000, 0x0310e8e0, 0x03150000)
  to   space 512K,   0% used [0x03050000, 0x03050000, 0x030d0000)
 tenured generation   total 10944K, used 1185K [0x08150000, 0x08c00000, 0x12c00000)
   the space 10944K,  10% used [0x08150000, 0x08278628, 0x08278800, 0x08c00000)
 Metaspace       used 4172K, capacity 4367K, committed 4416K, reserved 4480K
Event: 29.649 GC heap after
Heap after GC invocations=4 (full 0):
 def new generation   total 4928K, used 491K [0x02c00000, 0x03150000, 0x08150000)
  eden space 4416K,   0% used [0x02c00000, 0x02c00000, 0x03050000)
  from space 512K,  95% used [0x03050000, 0x030cac28, 0x030d0000)
  to   space 512K,   0% used [0x030d0000, 0x030d0000, 0x03150000)
 tenured generation   total 10944K, used 1185K [0x08150000, 0x08c00000, 0x12c00000)
   the space 10944K,  10% used [0x08150000, 0x08278628, 0x08278800, 0x08c00000)
 Metaspace       used 4172K, capacity 4367K, committed 4416K, reserved 4480K
}
Event: 29.865 GC heap before
{Heap before GC invocations=4 (full 0):
 def new generation   total 4928K, used 4907K [0x02c00000, 0x03150000, 0x08150000)
  eden space 4416K, 100% used [0x02c00000, 0x03050000, 0x03050000)
  from space 512K,  95% used [0x03050000, 0x030cac28, 0x030d0000)
  to   space 512K,   0% used [0x030d0000, 0x030d0000, 0x03150000)
 tenured generation   total 10944K, used 1185K [0x08150000, 0x08c00000, 0x12c00000)
   the space 10944K,  10% used [0x08150000, 0x08278628, 0x08278800, 0x08c00000)
 Metaspace       used 5865K, capacity 6065K, committed 6144K, reserved 6528K
Event: 29.868 GC heap after
Heap after GC invocations=5 (full 0):
 def new generation   total 4928K, used 512K [0x02c00000, 0x03150000, 0x08150000)
  eden space 4416K,   0% used [0x02c00000, 0x02c00000, 0x03050000)
  from space 512K, 100% used [0x030d0000, 0x03150000, 0x03150000)
  to   space 512K,   0% used [0x03050000, 0x03050000, 0x030d0000)
 tenured generation   total 10944K, used 1595K [0x08150000, 0x08c00000, 0x12c00000)
   the space 10944K,  14% used [0x08150000, 0x082dec20, 0x082dee00, 0x08c00000)
 Metaspace       used 5865K, capacity 6065K, committed 6144K, reserved 6528K
}
Event: 29.906 GC heap before
{Heap before GC invocations=5 (full 0):
 def new generation   total 4928K, used 4926K [0x02c00000, 0x03150000, 0x08150000)
  eden space 4416K,  99% used [0x02c00000, 0x0304fa40, 0x03050000)
  from space 512K, 100% used [0x030d0000, 0x03150000, 0x03150000)
  to   space 512K,   0% used [0x03050000, 0x03050000, 0x030d0000)
 tenured generation   total 10944K, used 1595K [0x08150000, 0x08c00000, 0x12c00000)
   the space 10944K,  14% used [0x08150000, 0x082dec20, 0x082dee00, 0x08c00000)
 Metaspace       used 5882K, capacity 6065K, committed 6144K, reserved 6528K
Event: 29.907 GC heap after
Heap after GC invocations=6 (full 0):
 def new generation   total 4928K, used 98K [0x02c00000, 0x03150000, 0x08150000)
  eden space 4416K,   0% used [0x02c00000, 0x02c00000, 0x03050000)
  from space 512K,  19% used [0x03050000, 0x03068be8, 0x030d0000)
  to   space 512K,   0% used [0x030d0000, 0x030d0000, 0x03150000)
 tenured generation   total 10944K, used 2084K [0x08150000, 0x08c00000, 0x12c00000)
   the space 10944K,  19% used [0x08150000, 0x08359040, 0x08359200, 0x08c00000)
 Metaspace       used 5882K, capacity 6065K, committed 6144K, reserved 6528K
}

Deoptimization events (0 events):
No events

Internal exceptions (6 events):
Event: 0.040 Thread 0x0088ac00 Exception <a 'java/lang/NoSuchMethodError': Method sun.misc.Unsafe.defineClass(Ljava/lang/String;[BII)Ljava/lang/Class; name or signature does not match> (0x02c108c0) thrown at [C:\re\workspace\8-2-build-windows-i586-cygwin\jdk8u45\3457\hotspot\src\share\v(qV¥C§§?
Event: 0.040 Thread 0x0088ac00 Exception <a 'java/lang/NoSuchMethodError': Method sun.misc.Unsafe.prefetchRead(Ljava/lang/Object;J)V name or signature does not match> (0x02c10b40) thrown at [C:\re\workspace\8-2-build-windows-i586-cygwin\jdk8u45\3457\hotspot\src\share\vm\prims\jni.cpp, l»Ñ!∑ä@
Event: 5.885 Thread 0x0088ac00 Exception <a 'java/lang/UnsatisfiedLinkError': org.xvolks.jnative.JNative.nGetNativeSideVersion()Ljava/lang/String;> (0x02d6bab8) thrown at [C:\re\workspace\8-2-build-windows-i586-cygwin\jdk8u45\3457\hotspot\src\share\vm\prims\nativeLookup.cpp, line 378]
Event: 29.566 Thread 0x0088ac00 Exception <a 'java/io/FileNotFoundException'> (0x02ee3de0) thrown at [C:\re\workspace\8-2-build-windows-i586-cygwin\jdk8u45\3457\hotspot\src\share\vm\prims\jni.cpp, line 709]
Event: 29.626 Thread 0x0088ac00 Exception <a 'java/lang/NoSuchFieldError': method resolution failed> (0x02fbcb20) thrown at [C:\re\workspace\8-2-build-windows-i586-cygwin\jdk8u45\3457\hotspot\src\share\vm\prims\methodHandles.cpp, line 1125]
Event: 29.630 Thread 0x0088ac00 Exception <a 'java/lang/NoSuchFieldError': method resolution failed> (0x02fc9fb8) thrown at [C:\re\workspace\8-2-build-windows-i586-cygwin\jdk8u45\3457\hotspot\src\share\vm\prims\methodHandles.cpp, line 1125]

Events (10 events):
Event: 29.903 loading class java/util/SortedSet
Event: 29.903 loading class java/util/SortedSet done
Event: 29.904 loading class java/util/NavigableSet done
Event: 29.904 loading class java/util/TreeMap$KeySet done
Event: 29.904 loading class java/util/TreeMap$KeyIterator
Event: 29.904 loading class java/util/TreeMap$PrivateEntryIterator
Event: 29.905 loading class java/util/TreeMap$PrivateEntryIterator done
Event: 29.905 loading class java/util/TreeMap$KeyIterator done
Event: 29.906 Executing VM operation: GenCollectForAllocation
Event: 29.907 Executing VM operation: GenCollectForAllocation done


Dynamic libraries:
0x00400000 - 0x00433000 	E:\Program Files\Java\jdk1.8.0_45\jre\bin\javaw.exe
0x7c920000 - 0x7c9b6000 	C:\WINDOWS\system32\ntdll.dll
0x7c800000 - 0x7c91e000 	C:\WINDOWS\system32\kernel32.dll
0x77da0000 - 0x77e49000 	C:\WINDOWS\system32\ADVAPI32.dll
0x77e50000 - 0x77ee3000 	C:\WINDOWS\system32\RPCRT4.dll
0x77fc0000 - 0x77fd1000 	C:\WINDOWS\system32\Secur32.dll
0x77d10000 - 0x77da0000 	C:\WINDOWS\system32\USER32.dll
0x77ef0000 - 0x77f39000 	C:\WINDOWS\system32\GDI32.dll
0x77180000 - 0x77283000 	C:\WINDOWS\WinSxS\x86_Microsoft.Windows.Common-Controls_6595b64144ccf1df_6.0.2600.6028_x-ww_61e65202\COMCTL32.dll
0x77be0000 - 0x77c38000 	C:\WINDOWS\system32\msvcrt.dll
0x77f40000 - 0x77fb6000 	C:\WINDOWS\system32\SHLWAPI.dll
0x76300000 - 0x7631d000 	C:\WINDOWS\system32\IMM32.DLL
0x62c20000 - 0x62c29000 	C:\WINDOWS\system32\LPK.DLL
0x73fa0000 - 0x7400b000 	C:\WINDOWS\system32\USP10.dll
0x78aa0000 - 0x78b5f000 	E:\Program Files\Java\jdk1.8.0_45\jre\bin\msvcr100.dll
0x6d260000 - 0x6d620000 	E:\Program Files\Java\jdk1.8.0_45\jre\bin\client\jvm.dll
0x71a40000 - 0x71a4b000 	C:\WINDOWS\system32\WSOCK32.dll
0x71a20000 - 0x71a37000 	C:\WINDOWS\system32\WS2_32.dll
0x71a10000 - 0x71a18000 	C:\WINDOWS\system32\WS2HELP.dll
0x76b10000 - 0x76b3a000 	C:\WINDOWS\system32\WINMM.dll
0x77bd0000 - 0x77bd8000 	C:\WINDOWS\system32\VERSION.dll
0x76bc0000 - 0x76bcb000 	C:\WINDOWS\system32\PSAPI.DLL
0x6f6f0000 - 0x6f6fc000 	E:\Program Files\Java\jdk1.8.0_45\jre\bin\verify.dll
0x6daf0000 - 0x6db11000 	E:\Program Files\Java\jdk1.8.0_45\jre\bin\java.dll
0x6dc70000 - 0x6dc99000 	E:\Program Files\Java\jdk1.8.0_45\jre\bin\jdwp.dll
0x6eec0000 - 0x6eec7000 	E:\Program Files\Java\jdk1.8.0_45\jre\bin\npt.dll
0x6f780000 - 0x6f793000 	E:\Program Files\Java\jdk1.8.0_45\jre\bin\zip.dll
0x7d590000 - 0x7dd85000 	C:\WINDOWS\system32\SHELL32.dll
0x759d0000 - 0x75a7f000 	C:\WINDOWS\system32\USERENV.dll
0x6d8a0000 - 0x6d8a8000 	E:\Program Files\Java\jdk1.8.0_45\jre\bin\dt_socket.dll
0x719c0000 - 0x719fe000 	C:\WINDOWS\System32\mswsock.dll
0x76ef0000 - 0x76f17000 	C:\WINDOWS\system32\DNSAPI.dll
0x76d30000 - 0x76d48000 	C:\WINDOWS\system32\iphlpapi.dll
0x76f80000 - 0x76f88000 	C:\WINDOWS\System32\winrnr.dll
0x76f30000 - 0x76f5c000 	C:\WINDOWS\system32\WLDAP32.dll
0x76f90000 - 0x76f96000 	C:\WINDOWS\system32\rasadhlp.dll
0x60fd0000 - 0x61025000 	C:\WINDOWS\system32\hnetcfg.dll
0x71a00000 - 0x71a08000 	C:\WINDOWS\System32\wshtcpip.dll
0x66c40000 - 0x66c62000 	D:\Eclipse\workspace\Test\JNativeCpp.dll
0x76990000 - 0x76ace000 	C:\WINDOWS\system32\OLE32.dll
0x770f0000 - 0x7717b000 	C:\WINDOWS\system32\OLEAUT32.DLL
0x5adc0000 - 0x5adf7000 	C:\WINDOWS\system32\uxtheme.dll
0x74680000 - 0x746cc000 	C:\WINDOWS\system32\MSCTF.dll
0x73640000 - 0x7366e000 	C:\WINDOWS\system32\msctfime.ime
0x13bb0000 - 0x140a9000 	C:\WINDOWS\system32\SOGOUPY.IME
0x762f0000 - 0x762f5000 	C:\WINDOWS\system32\MSIMG32.dll
0x61880000 - 0x618ba000 	C:\WINDOWS\system32\OLEACC.dll
0x76cb0000 - 0x76cd0000 	C:\WINDOWS\system32\NTMARTA.DLL
0x71b70000 - 0x71b83000 	C:\WINDOWS\system32\SAMLIB.dll
0x164c0000 - 0x16502000 	C:\Program Files\SogouInput\Components\AddressSearch\2.0.1.1379\AddressSearch.dll
0x16540000 - 0x1661d000 	C:\Program Files\SogouInput\7.8.0.7088\Resource.dll
0x16680000 - 0x166a3000 	C:\Program Files\SogouInput\Components\SgAppender\1.0.0.207\SgAppender_Dll.dll
0x166d0000 - 0x1685c000 	C:\Program Files\SogouInput\Components\PicFace\1.0.0.1394\PicFace.dll
0x76d70000 - 0x76d92000 	C:\WINDOWS\system32\Apphelp.dll
0x68d60000 - 0x68e01000 	C:\WINDOWS\system32\DbgHelp.dll
0x6d100000 - 0x6d245000 	E:\Program Files\Java\jdk1.8.0_45\jre\bin\awt.dll
0x6d8d0000 - 0x6d909000 	E:\Program Files\Java\jdk1.8.0_45\jre\bin\fontmanager.dll
0x6ee90000 - 0x6eea5000 	E:\Program Files\Java\jdk1.8.0_45\jre\bin\net.dll
0x6eeb0000 - 0x6eebf000 	E:\Program Files\Java\jdk1.8.0_45\jre\bin\nio.dll

VM Arguments:
jvm_args: -agentlib:jdwp=transport=dt_socket,suspend=y,address=localhost:2768 -Dfile.encoding=UTF-8 -Xbootclasspath:E:\Program Files\Java\jdk1.8.0_45\jre\lib\resources.jar;E:\Program Files\Java\jdk1.8.0_45\jre\lib\rt.jar;E:\Program Files\Java\jdk1.8.0_45\jre\lib\jsse.jar;E:\Program Files\Java\jdk1.8.0_45\jre\lib\jce.jar;E:\Program Files\Java\jdk1.8.0_45\jre\lib\charsets.jar;E:\Program Files\Java\jdk1.8.0_45\jre\lib\jfr.jar;E:\Program Files\Java\jdk1.8.0_45\jre\lib\RXTXcomm.jar 
java_command: com.windows.JNativeTester
java_class_path (initial): D:\Eclipse\workspace\Test\bin;D:\Eclipse\workspace\Test\lib\geronimo-j2ee-management_1.1_spec-1.0.1.jar;D:\Eclipse\workspace\Test\lib\geronimo-jms_1.1_spec-1.1.1.jar;D:\Eclipse\workspace\Test\lib\javax.jms.jar;D:\Eclipse\workspace\Test\lib\slf4j-api-1.7.10.jar;D:\Eclipse\workspace\Test\lib\activemq-client-5.11.1.jar;D:\Eclipse\workspace\Test\lib\comm.jar;E:\eclipse\plugins\org.junit_4.11.0.v201303080030\junit.jar;E:\eclipse\plugins\org.hamcrest.core_1.3.0.v201303031735.jar;D:\Eclipse\workspace\Test\lib\jnative-1.4RC3.jar;D:\Eclipse\workspace\Test\lib\jfinal-2.1-bin-with-src.jar
Launcher Type: SUN_STANDARD

Environment Variables:
JAVA_HOME=E:\Program Files\Java\jdk1.8.0_45
CLASSPATH=.;%JAVA_HOME%\lib\dt.jar;%JAVA_HOME%\lib\tools.jar
PATH=E:\Program Files\Java\jdk1.8.0_45\jre\bin;E:/Program Files/Java/bin/client;E:/Program Files/Java/bin;E:/Program Files/Java/lib/i386;C:\Documents and Settings\All Users\Application Data\Oracle\Java\javapath;%JAVA_HOME%\bin;%JAVA_HOME%\jre\bin;C:\WINDOWS\system32;C:\WINDOWS;C:\WINDOWS\System32\Wbem;D:\Program Files\TortoiseSVN\bin;D:\Program Files\Subversion\bin;C:\Program Files\Microsoft SQL Server\80\Tools\BINN;C:\Program Files\Microsoft SQL Server\80\Tools\Binn\;D:\Program Files\Microsoft SQL Server\90\Tools\binn\;D:\Program Files\Microsoft SQL Server\90\DTS\Binn\;D:\Program Files\Microsoft SQL Server\90\Tools\Binn\VSShell\Common7\IDE\;C:\Program Files\Microsoft Visual Studio 8\Common7\IDE\PrivateAssemblies\;D:\program files\apache-maven-3.2.5\bin;E:\eclipse;
USERNAME=Administrator
OS=Windows_NT
PROCESSOR_IDENTIFIER=x86 Family 6 Model 42 Stepping 7, GenuineIntel



---------------  S Y S T E M  ---------------

OS: Windows 5.1 Build 2600 (5.1.2600.5781)

CPU:total 4 (2 cores per cpu, 2 threads per core) family 6 model 42 stepping 7, cmov, cx8, fxsr, mmx, sse, sse2, sse3, ssse3, sse4.1, sse4.2, popcnt, clmul, ht, tsc, tscinvbit

Memory: 4k page, physical 3354380k(1691276k free), swap 5288312k(3147760k free)

vm_info: Java HotSpot(TM) Client VM (25.45-b02) for windows-x86 JRE (1.8.0_45-b14), built on Apr 10 2015 10:46:40 by "java_re" with MS VC++ 10.0 (VS2010)

time: Wed Jan 27 09:46:55 2016
elapsed time: 29 seconds (0d 0h 0m 29s)

