#
# A fatal error has been detected by the Java Runtime Environment:
#
#  EXCEPTION_ACCESS_VIOLATION (0xc0000005) at pc=0x77c12332, pid=2628, tid=3876
#
# JRE version: Java(TM) SE Runtime Environment (8.0_45-b14) (build 1.8.0_45-b14)
# Java VM: Java HotSpot(TM) Client VM (25.45-b02 mixed mode windows-x86 )
# Problematic frame:
# C  [msvcrt.dll+0x32332]
#
# Failed to write core dump. Minidumps are not enabled by default on client versions of Windows
#
# If you would like to submit a bug report, please visit:
#   http://bugreport.java.com/bugreport/crash.jsp
# The crash happened outside the Java Virtual Machine in native code.
# See problematic frame for where to report the bug.
#

---------------  T H R E A D  ---------------

Current thread (0x0088a400):  JavaThread "main" [_thread_in_native, id=3876, stack(0x00970000,0x009c0000)]

siginfo: ExceptionCode=0xc0000005, writing address 0x003f8000

Registers:
EAX=0x0000002f, EBX=0x18bedfe1, ECX=0x009af9f8, EDX=0x003f8000
ESP=0x009af758, EBP=0x009af764, ESI=0x009af7b8, EDI=0x009af9f8
EIP=0x77c12332, EFLAGS=0x00010202

Top of Stack: (sp=0x009af758)
0x009af758:   77c123ac ffffde42 00000000 009af9dc
0x009af768:   77c12d17 000011e4 003f7018 003f7018
0x009af778:   0088a540 009af7b0 00000600 009af7a8
0x009af788:   00000000 00000007 00000000 7c931046
0x009af798:   00000000 00000000 00000000 00000000
0x009af7a8:   009af9f8 66c518b5 00000000 00bed000
0x009af7b8:   00000fe8 000021be 18bed008 ffffffff
0x009af7c8:   009afa94 00000000 00000600 18b60000 

Instructions: (pc=0x77c12332)
0x77c12312:   e8 64 96 ff ff 59 59 c3 cc cc cc cc cc f6 41 0c
0x77c12322:   40 74 06 83 79 08 00 74 24 ff 49 04 78 0b 8b 11
0x77c12332:   88 02 ff 01 0f b6 c0 eb 0c 0f be c0 51 50 e8 18
0x77c12342:   c9 ff ff 59 59 83 f8 ff 75 03 09 06 c3 ff 06 c3 


Register to memory mapping:

EAX=0x0000002f is an unknown value
EBX=0x18bedfe1 is an unknown value
ECX=0x009af9f8 is pointing into the stack for thread: 0x0088a400
EDX=0x003f8000 is an unknown value
ESP=0x009af758 is pointing into the stack for thread: 0x0088a400
EBP=0x009af764 is pointing into the stack for thread: 0x0088a400
ESI=0x009af7b8 is pointing into the stack for thread: 0x0088a400
EDI=0x009af9f8 is pointing into the stack for thread: 0x0088a400


Stack: [0x00970000,0x009c0000],  sp=0x009af758,  free space=253k
Native frames: (J=compiled Java code, j=interpreted, Vv=VM code, C=native code)
C  [msvcrt.dll+0x32332]
C  [msvcrt.dll+0x32d17]
C  [msvcrt.dll+0x2fe79]
C  [JNativeCpp.dll+0x1fef]
C  [JNativeCpp.dll+0x22e5]
C  [JNativeCpp.dll+0x6b09]
J 305  org.xvolks.jnative.JNative.nInvoke(I)V (0 bytes) @ 0x00afe017 [0x00afdf90+0x87]
J 302 C1 org.xvolks.jnative.JNative.invoke()V (71 bytes) @ 0x00b00c88 [0x00b00a60+0x228]
j  org.xvolks.jnative.util.User32.MessageBox(ILjava/lang/String;Ljava/lang/String;I)I+121
j  org.xvolks.test.callbacks.TestCallback.runIt()V+232
j  com.windows.JNativeTester.main([Ljava/lang/String;)V+753
v  ~StubRoutines::call_stub
V  [jvm.dll+0x155cb5]
V  [jvm.dll+0x21b12e]
V  [jvm.dll+0x155d4e]
V  [jvm.dll+0xdac47]
V  [jvm.dll+0xe31ef]
C  [javaw.exe+0x229a]
C  [javaw.exe+0xadff]
C  [javaw.exe+0xae89]
C  [kernel32.dll+0xb729]
C  0x00000000

Java frames: (J=compiled Java code, j=interpreted, Vv=VM code)
J 305  org.xvolks.jnative.JNative.nInvoke(I)V (0 bytes) @ 0x00afdfd3 [0x00afdf90+0x43]
J 302 C1 org.xvolks.jnative.JNative.invoke()V (71 bytes) @ 0x00b00c88 [0x00b00a60+0x228]
j  org.xvolks.jnative.util.User32.MessageBox(ILjava/lang/String;Ljava/lang/String;I)I+121
j  org.xvolks.test.callbacks.TestCallback.runIt()V+232
j  com.windows.JNativeTester.main([Ljava/lang/String;)V+753
v  ~StubRoutines::call_stub

---------------  P R O C E S S  ---------------

Java Threads: ( => current thread )
  0x18b75400 JavaThread "AWT-EventQueue-0" [_thread_blocked, id=4132, stack(0x19200000,0x19250000)]
  0x13338c00 JavaThread "AWT-Windows" daemon [_thread_in_native, id=4240, stack(0x190b0000,0x19100000)]
  0x13337400 JavaThread "AWT-Shutdown" [_thread_blocked, id=4324, stack(0x19060000,0x190b0000)]
  0x13336400 JavaThread "Java2D Disposer" daemon [_thread_blocked, id=5616, stack(0x18ad0000,0x18b20000)]
  0x1318c400 JavaThread "Service Thread" daemon [_thread_blocked, id=5832, stack(0x134a0000,0x134f0000)]
  0x13184c00 JavaThread "C1 CompilerThread0" daemon [_thread_blocked, id=4556, stack(0x13450000,0x134a0000)]
  0x13183400 JavaThread "Attach Listener" daemon [_thread_blocked, id=6004, stack(0x13400000,0x13450000)]
  0x1319a000 JavaThread "Signal Dispatcher" daemon [_thread_blocked, id=5420, stack(0x133b0000,0x13400000)]
  0x13163c00 JavaThread "Finalizer" daemon [_thread_blocked, id=1500, stack(0x13360000,0x133b0000)]
  0x02b6b400 JavaThread "Reference Handler" daemon [_thread_blocked, id=5872, stack(0x13110000,0x13160000)]
=>0x0088a400 JavaThread "main" [_thread_in_native, id=3876, stack(0x00970000,0x009c0000)]

Other Threads:
  0x02b68000 VMThread [stack: 0x130c0000,0x13110000] [id=4664]
  0x131c4800 WatcherThread [stack: 0x134f0000,0x13540000] [id=5780]

VM state:not at safepoint (normal execution)

VM Mutex/Monitor currently owned by a thread: None

Heap:
 def new generation   total 4928K, used 3014K [0x02c00000, 0x03150000, 0x08150000)
  eden space 4416K,  65% used [0x02c00000, 0x02ed12e0, 0x03050000)
  from space 512K,  25% used [0x030d0000, 0x030f06e0, 0x03150000)
  to   space 512K,   0% used [0x03050000, 0x03050000, 0x030d0000)
 tenured generation   total 10944K, used 2068K [0x08150000, 0x08c00000, 0x12c00000)
   the space 10944K,  18% used [0x08150000, 0x08355178, 0x08355200, 0x08c00000)
 Metaspace       used 5790K, capacity 6001K, committed 6016K, reserved 6528K

Card table byte_map: [0x02b70000,0x02c00000] byte_map_base: 0x02b5a000

Polling page: 0x009c0000

CodeCache: size=32768Kb used=1288Kb max_used=1288Kb free=31479Kb
 bounds [0x009f0000, 0x00b38000, 0x029f0000]
 total_blobs=712 nmethods=505 adapters=138
 compilation: enabled

Compilation events (10 events):
Event: 255.226 Thread 0x13184c00  508             java.lang.ThreadLocal$ThreadLocalMap::set (136 bytes)
Event: 255.227 Thread 0x13184c00 nmethod 508 0x00b30fc8 code [0x00b31120, 0x00b3144c]
Event: 255.261 Thread 0x13184c00  509             java.lang.Long::compareTo (9 bytes)
Event: 255.261 Thread 0x13184c00 nmethod 509 0x00b31808 code [0x00b31900, 0x00b31a20]
Event: 255.261 Thread 0x13184c00  510             java.lang.Long::compareTo (12 bytes)
Event: 255.262 Thread 0x13184c00 nmethod 510 0x00b31ac8 code [0x00b31bc0, 0x00b31cc0]
Event: 255.262 Thread 0x13184c00  511             java.lang.Long::compare (22 bytes)
Event: 255.262 Thread 0x13184c00 nmethod 511 0x00b31d48 code [0x00b31e40, 0x00b31f30]
Event: 255.262 Thread 0x13184c00  512             java.util.TreeMap::getEntry (84 bytes)
Event: 255.264 Thread 0x13184c00 nmethod 512 0x00b31f88 code [0x00b320c0, 0x00b322a4]

GC Heap History (10 events):
Event: 107.478 GC heap before
{Heap before GC invocations=2 (full 0):
 def new generation   total 4928K, used 4664K [0x02c00000, 0x03150000, 0x08150000)
  eden space 4416K, 100% used [0x02c00000, 0x03050000, 0x03050000)
  from space 512K,  48% used [0x03050000, 0x0308e110, 0x030d0000)
  to   space 512K,   0% used [0x030d0000, 0x030d0000, 0x03150000)
 tenured generation   total 10944K, used 1163K [0x08150000, 0x08c00000, 0x12c00000)
   the space 10944K,  10% used [0x08150000, 0x08272fe8, 0x08273000, 0x08c00000)
 Metaspace       used 2537K, capacity 2584K, committed 2624K, reserved 4480K
Event: 107.479 GC heap after
Heap after GC invocations=3 (full 0):
 def new generation   total 4928K, used 271K [0x02c00000, 0x03150000, 0x08150000)
  eden space 4416K,   0% used [0x02c00000, 0x02c00000, 0x03050000)
  from space 512K,  52% used [0x030d0000, 0x03113d48, 0x03150000)
  to   space 512K,   0% used [0x03050000, 0x03050000, 0x030d0000)
 tenured generation   total 10944K, used 1163K [0x08150000, 0x08c00000, 0x12c00000)
   the space 10944K,  10% used [0x08150000, 0x08272fe8, 0x08273000, 0x08c00000)
 Metaspace       used 2537K, capacity 2584K, committed 2624K, reserved 4480K
}
Event: 236.919 GC heap before
{Heap before GC invocations=3 (full 0):
 def new generation   total 4928K, used 4687K [0x02c00000, 0x03150000, 0x08150000)
  eden space 4416K, 100% used [0x02c00000, 0x03050000, 0x03050000)
  from space 512K,  52% used [0x030d0000, 0x03113d48, 0x03150000)
  to   space 512K,   0% used [0x03050000, 0x03050000, 0x030d0000)
 tenured generation   total 10944K, used 1163K [0x08150000, 0x08c00000, 0x12c00000)
   the space 10944K,  10% used [0x08150000, 0x08272fe8, 0x08273000, 0x08c00000)
 Metaspace       used 2551K, capacity 2616K, committed 2624K, reserved 4480K
Event: 236.921 GC heap after
Heap after GC invocations=4 (full 0):
 def new generation   total 4928K, used 256K [0x02c00000, 0x03150000, 0x08150000)
  eden space 4416K,   0% used [0x02c00000, 0x02c00000, 0x03050000)
  from space 512K,  50% used [0x03050000, 0x030903a0, 0x030d0000)
  to   space 512K,   0% used [0x030d0000, 0x030d0000, 0x03150000)
 tenured generation   total 10944K, used 1184K [0x08150000, 0x08c00000, 0x12c00000)
   the space 10944K,  10% used [0x08150000, 0x08278378, 0x08278400, 0x08c00000)
 Metaspace       used 2551K, capacity 2616K, committed 2624K, reserved 4480K
}
Event: 254.992 GC heap before
{Heap before GC invocations=4 (full 0):
 def new generation   total 4928K, used 4672K [0x02c00000, 0x03150000, 0x08150000)
  eden space 4416K, 100% used [0x02c00000, 0x03050000, 0x03050000)
  from space 512K,  50% used [0x03050000, 0x030903a0, 0x030d0000)
  to   space 512K,   0% used [0x030d0000, 0x030d0000, 0x03150000)
 tenured generation   total 10944K, used 1184K [0x08150000, 0x08c00000, 0x12c00000)
   the space 10944K,  10% used [0x08150000, 0x08278378, 0x08278400, 0x08c00000)
 Metaspace       used 4012K, capacity 4162K, committed 4288K, reserved 4480K
Event: 254.994 GC heap after
Heap after GC invocations=5 (full 0):
 def new generation   total 4928K, used 453K [0x02c00000, 0x03150000, 0x08150000)
  eden space 4416K,   0% used [0x02c00000, 0x02c00000, 0x03050000)
  from space 512K,  88% used [0x030d0000, 0x03141418, 0x03150000)
  to   space 512K,   0% used [0x03050000, 0x03050000, 0x030d0000)
 tenured generation   total 10944K, used 1206K [0x08150000, 0x08c00000, 0x12c00000)
   the space 10944K,  11% used [0x08150000, 0x0827db80, 0x0827dc00, 0x08c00000)
 Metaspace       used 4012K, capacity 4162K, committed 4288K, reserved 4480K
}
Event: 255.201 GC heap before
{Heap before GC invocations=5 (full 0):
 def new generation   total 4928K, used 4869K [0x02c00000, 0x03150000, 0x08150000)
  eden space 4416K, 100% used [0x02c00000, 0x03050000, 0x03050000)
  from space 512K,  88% used [0x030d0000, 0x03141418, 0x03150000)
  to   space 512K,   0% used [0x03050000, 0x03050000, 0x030d0000)
 tenured generation   total 10944K, used 1206K [0x08150000, 0x08c00000, 0x12c00000)
   the space 10944K,  11% used [0x08150000, 0x0827db80, 0x0827dc00, 0x08c00000)
 Metaspace       used 5774K, capacity 5969K, committed 6016K, reserved 6528K
Event: 255.204 GC heap after
Heap after GC invocations=6 (full 0):
 def new generation   total 4928K, used 512K [0x02c00000, 0x03150000, 0x08150000)
  eden space 4416K,   0% used [0x02c00000, 0x02c00000, 0x03050000)
  from space 512K, 100% used [0x03050000, 0x030d0000, 0x030d0000)
  to   space 512K,   0% used [0x030d0000, 0x030d0000, 0x03150000)
 tenured generation   total 10944K, used 1575K [0x08150000, 0x08c00000, 0x12c00000)
   the space 10944K,  14% used [0x08150000, 0x082d9d80, 0x082d9e00, 0x08c00000)
 Metaspace       used 5774K, capacity 5969K, committed 6016K, reserved 6528K
}
Event: 255.262 GC heap before
{Heap before GC invocations=6 (full 0):
 def new generation   total 4928K, used 4925K [0x02c00000, 0x03150000, 0x08150000)
  eden space 4416K,  99% used [0x02c00000, 0x0304f620, 0x03050000)
  from space 512K, 100% used [0x03050000, 0x030d0000, 0x030d0000)
  to   space 512K,   0% used [0x030d0000, 0x030d0000, 0x03150000)
 tenured generation   total 10944K, used 1575K [0x08150000, 0x08c00000, 0x12c00000)
   the space 10944K,  14% used [0x08150000, 0x082d9d80, 0x082d9e00, 0x08c00000)
 Metaspace       used 5790K, capacity 6001K, committed 6016K, reserved 6528K
Event: 255.264 GC heap after
Heap after GC invocations=7 (full 0):
 def new generation   total 4928K, used 129K [0x02c00000, 0x03150000, 0x08150000)
  eden space 4416K,   0% used [0x02c00000, 0x02c00000, 0x03050000)
  from space 512K,  25% used [0x030d0000, 0x030f06e0, 0x03150000)
  to   space 512K,   0% used [0x03050000, 0x03050000, 0x030d0000)
 tenured generation   total 10944K, used 2068K [0x08150000, 0x08c00000, 0x12c00000)
   the space 10944K,  18% used [0x08150000, 0x08355178, 0x08355200, 0x08c00000)
 Metaspace       used 5790K, capacity 6001K, committed 6016K, reserved 6528K
}

Deoptimization events (0 events):
No events

Internal exceptions (6 events):
Event: 0.042 Thread 0x0088a400 Exception <a 'java/lang/NoSuchMethodError': Method sun.misc.Unsafe.defineClass(Ljava/lang/String;[BII)Ljava/lang/Class; name or signature does not match> (0x02c108c0) thrown at [C:\re\workspace\8-2-build-windows-i586-cygwin\jdk8u45\3457\hotspot\src\share\v˜§ÓvÅª¥?
Event: 0.042 Thread 0x0088a400 Exception <a 'java/lang/NoSuchMethodError': Method sun.misc.Unsafe.prefetchRead(Ljava/lang/Object;J)V name or signature does not match> (0x02c10b40) thrown at [C:\re\workspace\8-2-build-windows-i586-cygwin\jdk8u45\3457\hotspot\src\share\vm\prims\jni.cpp, l8ªïNÃjÁ?
Event: 0.136 Thread 0x0088a400 Exception <a 'java/lang/UnsatisfiedLinkError': org.xvolks.jnative.JNative.nGetNativeSideVersion()Ljava/lang/String;> (0x02d548b0) thrown at [C:\re\workspace\8-2-build-windows-i586-cygwin\jdk8u45\3457\hotspot\src\share\vm\prims\nativeLookup.cpp, line 378]
Event: 254.934 Thread 0x0088a400 Exception <a 'java/io/FileNotFoundException'> (0x02f5d398) thrown at [C:\re\workspace\8-2-build-windows-i586-cygwin\jdk8u45\3457\hotspot\src\share\vm\prims\jni.cpp, line 709]
Event: 254.988 Thread 0x0088a400 Exception <a 'java/lang/NoSuchFieldError': method resolution failed> (0x030361f0) thrown at [C:\re\workspace\8-2-build-windows-i586-cygwin\jdk8u45\3457\hotspot\src\share\vm\prims\methodHandles.cpp, line 1125]
Event: 254.990 Thread 0x0088a400 Exception <a 'java/lang/NoSuchFieldError': method resolution failed> (0x03043650) thrown at [C:\re\workspace\8-2-build-windows-i586-cygwin\jdk8u45\3457\hotspot\src\share\vm\prims\methodHandles.cpp, line 1125]

Events (10 events):
Event: 255.260 loading class java/util/SortedSet
Event: 255.260 loading class java/util/SortedSet done
Event: 255.260 loading class java/util/NavigableSet done
Event: 255.260 loading class java/util/TreeMap$KeySet done
Event: 255.261 loading class java/util/TreeMap$KeyIterator
Event: 255.261 loading class java/util/TreeMap$PrivateEntryIterator
Event: 255.261 loading class java/util/TreeMap$PrivateEntryIterator done
Event: 255.261 loading class java/util/TreeMap$KeyIterator done
Event: 255.262 Executing VM operation: GenCollectForAllocation
Event: 255.264 Executing VM operation: GenCollectForAllocation done


Dynamic libraries:
0x00400000 - 0x00433000 	E:\Program Files\Java\jdk1.8.0_45\jre\bin\javaw.exe
0x7c920000 - 0x7c9b6000 	C:\WINDOWS\system32\ntdll.dll
0x7c800000 - 0x7c91e000 	C:\WINDOWS\system32\kernel32.dll
0x77da0000 - 0x77e49000 	C:\WINDOWS\system32\ADVAPI32.dll
0x77e50000 - 0x77ee3000 	C:\WINDOWS\system32\RPCRT4.dll
0x77fc0000 - 0x77fd1000 	C:\WINDOWS\system32\Secur32.dll
0x77d10000 - 0x77da0000 	C:\WINDOWS\system32\USER32.dll
0x77ef0000 - 0x77f39000 	C:\WINDOWS\system32\GDI32.dll
0x77180000 - 0x77283000 	C:\WINDOWS\WinSxS\x86_Microsoft.Windows.Common-Controls_6595b64144ccf1df_6.0.2600.6028_x-ww_61e65202\COMCTL32.dll
0x77be0000 - 0x77c38000 	C:\WINDOWS\system32\msvcrt.dll
0x77f40000 - 0x77fb6000 	C:\WINDOWS\system32\SHLWAPI.dll
0x76300000 - 0x7631d000 	C:\WINDOWS\system32\IMM32.DLL
0x62c20000 - 0x62c29000 	C:\WINDOWS\system32\LPK.DLL
0x73fa0000 - 0x7400b000 	C:\WINDOWS\system32\USP10.dll
0x78aa0000 - 0x78b5f000 	E:\Program Files\Java\jdk1.8.0_45\jre\bin\msvcr100.dll
0x6d260000 - 0x6d620000 	E:\Program Files\Java\jdk1.8.0_45\jre\bin\client\jvm.dll
0x71a40000 - 0x71a4b000 	C:\WINDOWS\system32\WSOCK32.dll
0x71a20000 - 0x71a37000 	C:\WINDOWS\system32\WS2_32.dll
0x71a10000 - 0x71a18000 	C:\WINDOWS\system32\WS2HELP.dll
0x76b10000 - 0x76b3a000 	C:\WINDOWS\system32\WINMM.dll
0x77bd0000 - 0x77bd8000 	C:\WINDOWS\system32\VERSION.dll
0x76bc0000 - 0x76bcb000 	C:\WINDOWS\system32\PSAPI.DLL
0x6f6f0000 - 0x6f6fc000 	E:\Program Files\Java\jdk1.8.0_45\jre\bin\verify.dll
0x6daf0000 - 0x6db11000 	E:\Program Files\Java\jdk1.8.0_45\jre\bin\java.dll
0x6f780000 - 0x6f793000 	E:\Program Files\Java\jdk1.8.0_45\jre\bin\zip.dll
0x7d590000 - 0x7dd85000 	C:\WINDOWS\system32\SHELL32.dll
0x759d0000 - 0x75a7f000 	C:\WINDOWS\system32\USERENV.dll
0x66c40000 - 0x66c62000 	D:\Eclipse\workspace\Test\JNativeCpp.dll
0x76990000 - 0x76ace000 	C:\WINDOWS\system32\OLE32.dll
0x770f0000 - 0x7717b000 	C:\WINDOWS\system32\OLEAUT32.DLL
0x5adc0000 - 0x5adf7000 	C:\WINDOWS\system32\uxtheme.dll
0x74680000 - 0x746cc000 	C:\WINDOWS\system32\MSCTF.dll
0x73640000 - 0x7366e000 	C:\WINDOWS\system32\msctfime.ime
0x13bb0000 - 0x140a9000 	C:\WINDOWS\system32\SOGOUPY.IME
0x762f0000 - 0x762f5000 	C:\WINDOWS\system32\MSIMG32.dll
0x61880000 - 0x618ba000 	C:\WINDOWS\system32\OLEACC.dll
0x76cb0000 - 0x76cd0000 	C:\WINDOWS\system32\NTMARTA.DLL
0x71b70000 - 0x71b83000 	C:\WINDOWS\system32\SAMLIB.dll
0x76f30000 - 0x76f5c000 	C:\WINDOWS\system32\WLDAP32.dll
0x16250000 - 0x16292000 	C:\Program Files\SogouInput\Components\AddressSearch\2.0.1.1379\AddressSearch.dll
0x163e0000 - 0x164bd000 	C:\Program Files\SogouInput\7.8.0.7088\Resource.dll
0x16520000 - 0x16543000 	C:\Program Files\SogouInput\Components\SgAppender\1.0.0.207\SgAppender_Dll.dll
0x16570000 - 0x166fc000 	C:\Program Files\SogouInput\Components\PicFace\1.0.0.1394\PicFace.dll
0x76d70000 - 0x76d92000 	C:\WINDOWS\system32\Apphelp.dll
0x68d60000 - 0x68e01000 	C:\WINDOWS\system32\DbgHelp.dll
0x6d100000 - 0x6d245000 	E:\Program Files\Java\jdk1.8.0_45\jre\bin\awt.dll
0x6d8d0000 - 0x6d909000 	E:\Program Files\Java\jdk1.8.0_45\jre\bin\fontmanager.dll
0x6ee90000 - 0x6eea5000 	E:\Program Files\Java\jdk1.8.0_45\jre\bin\net.dll
0x6eeb0000 - 0x6eebf000 	E:\Program Files\Java\jdk1.8.0_45\jre\bin\nio.dll

VM Arguments:
jvm_args: -Dfile.encoding=UTF-8 -Xbootclasspath:E:\Program Files\Java\jdk1.8.0_45\jre\lib\resources.jar;E:\Program Files\Java\jdk1.8.0_45\jre\lib\rt.jar;E:\Program Files\Java\jdk1.8.0_45\jre\lib\jsse.jar;E:\Program Files\Java\jdk1.8.0_45\jre\lib\jce.jar;E:\Program Files\Java\jdk1.8.0_45\jre\lib\charsets.jar;E:\Program Files\Java\jdk1.8.0_45\jre\lib\jfr.jar;E:\Program Files\Java\jdk1.8.0_45\jre\lib\RXTXcomm.jar 
java_command: com.windows.JNativeTester
java_class_path (initial): D:\Eclipse\workspace\Test\bin;D:\Eclipse\workspace\Test\lib\geronimo-j2ee-management_1.1_spec-1.0.1.jar;D:\Eclipse\workspace\Test\lib\geronimo-jms_1.1_spec-1.1.1.jar;D:\Eclipse\workspace\Test\lib\javax.jms.jar;D:\Eclipse\workspace\Test\lib\slf4j-api-1.7.10.jar;D:\Eclipse\workspace\Test\lib\activemq-client-5.11.1.jar;D:\Eclipse\workspace\Test\lib\comm.jar;E:\eclipse\plugins\org.junit_4.11.0.v201303080030\junit.jar;E:\eclipse\plugins\org.hamcrest.core_1.3.0.v201303031735.jar;D:\Eclipse\workspace\Test\lib\jnative-1.4RC3.jar;D:\Eclipse\workspace\Test\lib\jfinal-2.1-bin-with-src.jar
Launcher Type: SUN_STANDARD

Environment Variables:
JAVA_HOME=E:\Program Files\Java\jdk1.8.0_45
CLASSPATH=.;%JAVA_HOME%\lib\dt.jar;%JAVA_HOME%\lib\tools.jar
PATH=E:/Program Files/Java/bin/client;E:/Program Files/Java/bin;E:/Program Files/Java/lib/i386;C:\Documents and Settings\All Users\Application Data\Oracle\Java\javapath;%JAVA_HOME%\bin;%JAVA_HOME%\jre\bin;C:\WINDOWS\system32;C:\WINDOWS;C:\WINDOWS\System32\Wbem;D:\Program Files\TortoiseSVN\bin;D:\Program Files\Subversion\bin;C:\Program Files\Microsoft SQL Server\80\Tools\BINN;C:\Program Files\Microsoft SQL Server\80\Tools\Binn\;D:\Program Files\Microsoft SQL Server\90\Tools\binn\;D:\Program Files\Microsoft SQL Server\90\DTS\Binn\;D:\Program Files\Microsoft SQL Server\90\Tools\Binn\VSShell\Common7\IDE\;C:\Program Files\Microsoft Visual Studio 8\Common7\IDE\PrivateAssemblies\;D:\program files\apache-maven-3.2.5\bin;E:\eclipse;
USERNAME=Administrator
OS=Windows_NT
PROCESSOR_IDENTIFIER=x86 Family 6 Model 42 Stepping 7, GenuineIntel



---------------  S Y S T E M  ---------------

OS: Windows 5.1 Build 2600 (5.1.2600.5781)

CPU:total 4 (2 cores per cpu, 2 threads per core) family 6 model 42 stepping 7, cmov, cx8, fxsr, mmx, sse, sse2, sse3, ssse3, sse4.1, sse4.2, popcnt, clmul, ht, tsc, tscinvbit

Memory: 4k page, physical 3354380k(1702680k free), swap 5288312k(3156452k free)

vm_info: Java HotSpot(TM) Client VM (25.45-b02) for windows-x86 JRE (1.8.0_45-b14), built on Apr 10 2015 10:46:40 by "java_re" with MS VC++ 10.0 (VS2010)

time: Wed Jan 27 09:43:44 2016
elapsed time: 255 seconds (0d 0h 4m 15s)

